<?xml version="1.0" encoding="UTF-8"?>
<testng-results ignored="0" total="1" passed="1" failed="0" skipped="0">
  <reporter-output>
  </reporter-output>
  <suite started-at="2023-10-27T15:28:20 EET" name="Default suite" finished-at="2023-10-27T15:28:26 EET" duration-ms="6644">
    <groups>
    </groups>
    <test started-at="2023-10-27T15:28:20 EET" name="Default test" finished-at="2023-10-27T15:28:26 EET" duration-ms="6644">
      <class name="Tests.LoginTest">
        <test-method is-config="true" signature="beforeSuite()[pri:0, instance:Tests.LoginTest@765d7657]" started-at="2023-10-27T15:25:22 EET" name="beforeSuite" finished-at="2023-10-27T15:28:20 EET" duration-ms="177905" status="PASS">
          <reporter-output>
          </reporter-output>
        </test-method> <!-- beforeSuite -->
        <test-method is-config="true" signature="beforeClass()[pri:0, instance:Tests.LoginTest@765d7657]" started-at="2023-10-27T15:28:20 EET" name="beforeClass" finished-at="2023-10-27T15:28:20 EET" duration-ms="33" status="PASS">
          <reporter-output>
          </reporter-output>
        </test-method> <!-- beforeClass -->
        <test-method signature="loginAndAssert(java.lang.String,java.lang.String)[pri:0, instance:Tests.LoginTest@765d7657]" started-at="2023-10-27T15:28:20 EET" name="loginAndAssert" data-provider="login" finished-at="2023-10-27T15:28:26 EET" duration-ms="5901" status="PASS">
          <params>
            <param index="0">
              <value>
                <![CDATA[nahlamakhlouf1@gmail.com]]>
              </value>
            </param>
            <param index="1">
              <value>
                <![CDATA[123456]]>
              </value>
            </param>
          </params>
          <reporter-output>
          </reporter-output>
        </test-method> <!-- loginAndAssert -->
      </class> <!-- Tests.LoginTest -->
    </test> <!-- Default test -->
  </suite> <!-- Default suite -->
</testng-results>
