<?xml version="1.0" encoding="UTF-8"?>
<testng-results ignored="0" total="1" passed="1" failed="0" skipped="0">
  <reporter-output>
  </reporter-output>
  <suite started-at="2023-12-15T18:01:16 EET" name="Default suite" finished-at="2023-12-15T18:01:38 EET" duration-ms="22640">
    <groups>
    </groups>
    <test started-at="2023-12-15T18:01:16 EET" name="Default test" finished-at="2023-12-15T18:01:38 EET" duration-ms="22640">
      <class name="Tests.SalesTest">
        <test-method is-config="true" signature="beforeSuite()[pri:0, instance:Tests.SalesTest@78691363]" started-at="2023-12-15T18:01:13 EET" name="beforeSuite" finished-at="2023-12-15T18:01:16 EET" duration-ms="3019" status="PASS">
          <reporter-output>
          </reporter-output>
        </test-method> <!-- beforeSuite -->
        <test-method is-config="true" signature="beforeClass()[pri:0, instance:Tests.SalesTest@78691363]" started-at="2023-12-15T18:01:16 EET" name="beforeClass" finished-at="2023-12-15T18:01:16 EET" duration-ms="8" status="PASS">
          <reporter-output>
          </reporter-output>
        </test-method> <!-- beforeClass -->
        <test-method is-config="true" signature="loginAndGoToCompanyDashboard()[pri:0, instance:Tests.SalesTest@78691363]" started-at="2023-12-15T18:01:16 EET" name="loginAndGoToCompanyDashboard" finished-at="2023-12-15T18:01:22 EET" duration-ms="6169" status="PASS">
          <reporter-output>
          </reporter-output>
        </test-method> <!-- loginAndGoToCompanyDashboard -->
        <test-method signature="addNewIssuedReturnInvoiceHasReferenceInvoice()[pri:0, instance:Tests.SalesTest@78691363]" started-at="2023-12-15T18:01:22 EET" name="addNewIssuedReturnInvoiceHasReferenceInvoice" finished-at="2023-12-15T18:01:38 EET" duration-ms="16443" status="PASS">
          <reporter-output>
          </reporter-output>
        </test-method> <!-- addNewIssuedReturnInvoiceHasReferenceInvoice -->
      </class> <!-- Tests.SalesTest -->
    </test> <!-- Default test -->
  </suite> <!-- Default suite -->
</testng-results>
