<?xml version="1.0" encoding="UTF-8"?>
<!-- Generated by org.testng.reporters.JUnitXMLReporter -->
<testsuite ignored="2" hostname="DESKTOP-HH8RNJR" failures="0" tests="1" name="Default test" time="181.122" errors="0" timestamp="2023-11-07T15:57:55 EET">
  <testcase classname="Tests.SalesTest" name="addNewSalesIssuedInvoice" time="174.757"/>
  <testcase classname="Tests.SalesTest" name="openAddNewSalesAndAssertPageTitle" time="0.0">
    <ignored/>
  </testcase> <!-- openAddNewSalesAndAssertPageTitle -->
  <testcase classname="Tests.SalesTest" name="addNewSalesDraftInvoice" time="0.0">
    <ignored/>
  </testcase> <!-- addNewSalesDraftInvoice -->
</testsuite> <!-- Default test -->
