<?xml version="1.0" encoding="UTF-8"?>
<!-- Generated by org.testng.reporters.JUnitXMLReporter -->
<testsuite ignored="6" hostname="DESKTOP-HH8RNJR" failures="0" tests="1" name="Default test" time="22.64" errors="0" timestamp="2023-12-15T18:01:38 EET">
  <testcase classname="Tests.SalesTest" name="addNewIssuedReturnInvoiceHasReferenceInvoice" time="16.443"/>
  <testcase classname="Tests.SalesTest" name="addNewDraftSalesInvoice" time="0.0">
    <ignored/>
  </testcase> <!-- addNewDraftSalesInvoice -->
  <testcase classname="Tests.SalesTest" name="openAddNewSalesAndAssertPageTitle" time="0.0">
    <ignored/>
  </testcase> <!-- openAddNewSalesAndAssertPageTitle -->
  <testcase classname="Tests.SalesTest" name="importSalesInvoices" time="0.0">
    <ignored/>
  </testcase> <!-- importSalesInvoices -->
  <testcase classname="Tests.SalesTest" name="addNewDraftReturnInvoiceHasNoReferenceInvoice" time="0.0">
    <ignored/>
  </testcase> <!-- addNewDraftReturnInvoiceHasNoReferenceInvoice -->
  <testcase classname="Tests.SalesTest" name="addNewDraftReturnInvoiceHasReferenceInvoice" time="0.0">
    <ignored/>
  </testcase> <!-- addNewDraftReturnInvoiceHasReferenceInvoice -->
  <testcase classname="Tests.SalesTest" name="addNewIssuedSalesInvoice" time="0.0">
    <ignored/>
  </testcase> <!-- addNewIssuedSalesInvoice -->
</testsuite> <!-- Default test -->
